# JRE version: OpenJDK Runtime Environment (8.0_292-b10) (build 1.8.0_292-8u292-b10-0ubuntu1~16.04.1-b10)
# Java VM: OpenJDK 64-Bit Server VM (25.292-b10 mixed mode linux-amd64 compressed oops)
Heap:
 PSYoungGen      total 159744K, used 13792K [0x00000000eab00000, 0x00000000f6400000, 0x0000000100000000)
  eden space 145920K, 0% used [0x00000000eab00000,0x00000000eab00000,0x00000000f3980000)
  from space 13824K, 99% used [0x00000000f3980000,0x00000000f46f8050,0x00000000f4700000)
  to   space 12288K, 0% used [0x00000000f4700000,0x00000000f4700000,0x00000000f5300000)
 ParOldGen       total 45056K, used 22163K [0x00000000c0000000, 0x00000000c2c00000, 0x00000000eab00000)
  object space 45056K, 49% used [0x00000000c0000000,0x00000000c15a4d70,0x00000000c2c00000)
 Metaspace       used 46778K, capacity 47446K, committed 47920K, reserved 1089536K
  class space    used 6662K, capacity 6890K, committed 6960K, reserved 1048576K
GC Heap History (10 events):
Event: 3.367 GC heap after
Heap after GC invocations=8 (full 1):
 PSYoungGen      total 74752K, used 0K [0x00000000eab00000, 0x00000000f4100000, 0x0000000100000000)
  eden space 68608K, 0% used [0x00000000eab00000,0x00000000eab00000,0x00000000eee00000)
  from space 6144K, 0% used [0x00000000eee00000,0x00000000eee00000,0x00000000ef400000)
  to   space 8192K, 0% used [0x00000000f3900000,0x00000000f3900000,0x00000000f4100000)
 ParOldGen       total 31744K, used 15149K [0x00000000c0000000, 0x00000000c1f00000, 0x00000000eab00000)
  object space 31744K, 47% used [0x00000000c0000000,0x00000000c0ecb610,0x00000000c1f00000)
 Metaspace       used 20813K, capacity 21138K, committed 21296K, reserved 1067008K
  class space    used 2986K, capacity 3089K, committed 3120K, reserved 1048576K
}
Event: 4.155 GC heap before
{Heap before GC invocations=9 (full 1):
 PSYoungGen      total 74752K, used 68608K [0x00000000eab00000, 0x00000000f4100000, 0x0000000100000000)
  eden space 68608K, 100% used [0x00000000eab00000,0x00000000eee00000,0x00000000eee00000)
  from space 6144K, 0% used [0x00000000eee00000,0x00000000eee00000,0x00000000ef400000)
  to   space 8192K, 0% used [0x00000000f3900000,0x00000000f3900000,0x00000000f4100000)
 ParOldGen       total 31744K, used 15149K [0x00000000c0000000, 0x00000000c1f00000, 0x00000000eab00000)
  object space 31744K, 47% used [0x00000000c0000000,0x00000000c0ecb610,0x00000000c1f00000)
 Metaspace       used 27432K, capacity 27874K, committed 28080K, reserved 1073152K
  class space    used 3756K, capacity 3915K, committed 4016K, reserved 1048576K
Event: 4.164 GC heap after
Heap after GC invocations=9 (full 1):
 PSYoungGen      total 116736K, used 7344K [0x00000000eab00000, 0x00000000f4080000, 0x0000000100000000)
  eden space 109056K, 0% used [0x00000000eab00000,0x00000000eab00000,0x00000000f1580000)
  from space 7680K, 95% used [0x00000000f3900000,0x00000000f402c278,0x00000000f4080000)
  to   space 9216K, 0% used [0x00000000f2e80000,0x00000000f2e80000,0x00000000f3780000)
 ParOldGen       total 31744K, used 15157K [0x00000000c0000000, 0x00000000c1f00000, 0x00000000eab00000)
  object space 31744K, 47% used [0x00000000c0000000,0x00000000c0ecd610,0x00000000c1f00000)
 Metaspace       used 27432K, capacity 27874K, committed 28080K, reserved 1073152K
  class space    used 3756K, capacity 3915K, committed 4016K, reserved 1048576K
}
Event: 5.411 GC heap before
{Heap before GC invocations=10 (full 1):
 PSYoungGen      total 116736K, used 116040K [0x00000000eab00000, 0x00000000f4080000, 0x0000000100000000)
  eden space 109056K, 99% used [0x00000000eab00000,0x00000000f15260b0,0x00000000f1580000)
  from space 7680K, 95% used [0x00000000f3900000,0x00000000f402c278,0x00000000f4080000)
  to   space 9216K, 0% used [0x00000000f2e80000,0x00000000f2e80000,0x00000000f3780000)
 ParOldGen       total 31744K, used 15157K [0x00000000c0000000, 0x00000000c1f00000, 0x00000000eab00000)
  object space 31744K, 47% used [0x00000000c0000000,0x00000000c0ecd610,0x00000000c1f00000)
 Metaspace       used 34797K, capacity 35176K, committed 35496K, reserved 1079296K
  class space    used 4882K, capacity 5067K, committed 5168K, reserved 1048576K
Event: 5.430 GC heap after
Heap after GC invocations=10 (full 1):
 PSYoungGen      total 143872K, used 9197K [0x00000000eab00000, 0x00000000f5300000, 0x0000000100000000)
  eden space 134656K, 0% used [0x00000000eab00000,0x00000000eab00000,0x00000000f2e80000)
  from space 9216K, 99% used [0x00000000f2e80000,0x00000000f377b738,0x00000000f3780000)
  to   space 12288K, 0% used [0x00000000f4700000,0x00000000f4700000,0x00000000f5300000)
 ParOldGen       total 31744K, used 18884K [0x00000000c0000000, 0x00000000c1f00000, 0x00000000eab00000)
  object space 31744K, 59% used [0x00000000c0000000,0x00000000c1271130,0x00000000c1f00000)
 Metaspace       used 34797K, capacity 35176K, committed 35496K, reserved 1079296K
  class space    used 4882K, capacity 5067K, committed 5168K, reserved 1048576K
}
Event: 5.430 GC heap before
{Heap before GC invocations=11 (full 2):
 PSYoungGen      total 143872K, used 9197K [0x00000000eab00000, 0x00000000f5300000, 0x0000000100000000)
  eden space 134656K, 0% used [0x00000000eab00000,0x00000000eab00000,0x00000000f2e80000)
  from space 9216K, 99% used [0x00000000f2e80000,0x00000000f377b738,0x00000000f3780000)
  to   space 12288K, 0% used [0x00000000f4700000,0x00000000f4700000,0x00000000f5300000)
 ParOldGen       total 31744K, used 18884K [0x00000000c0000000, 0x00000000c1f00000, 0x00000000eab00000)
  object space 31744K, 59% used [0x00000000c0000000,0x00000000c1271130,0x00000000c1f00000)
 Metaspace       used 34797K, capacity 35176K, committed 35496K, reserved 1079296K
  class space    used 4882K, capacity 5067K, committed 5168K, reserved 1048576K
Event: 5.521 GC heap after
Heap after GC invocations=11 (full 2):
 PSYoungGen      total 143872K, used 0K [0x00000000eab00000, 0x00000000f5300000, 0x0000000100000000)
  eden space 134656K, 0% used [0x00000000eab00000,0x00000000eab00000,0x00000000f2e80000)
  from space 9216K, 0% used [0x00000000f2e80000,0x00000000f2e80000,0x00000000f3780000)
  to   space 12288K, 0% used [0x00000000f4700000,0x00000000f4700000,0x00000000f5300000)
 ParOldGen       total 45056K, used 19701K [0x00000000c0000000, 0x00000000c2c00000, 0x00000000eab00000)
  object space 45056K, 43% used [0x00000000c0000000,0x00000000c133d560,0x00000000c2c00000)
 Metaspace       used 34797K, capacity 35176K, committed 35496K, reserved 1079296K
  class space    used 4882K, capacity 5067K, committed 5168K, reserved 1048576K
}
Event: 7.750 GC heap before
{Heap before GC invocations=12 (full 2):
 PSYoungGen      total 143872K, used 134656K [0x00000000eab00000, 0x00000000f5300000, 0x0000000100000000)
  eden space 134656K, 100% used [0x00000000eab00000,0x00000000f2e80000,0x00000000f2e80000)
  from space 9216K, 0% used [0x00000000f2e80000,0x00000000f2e80000,0x00000000f3780000)
  to   space 12288K, 0% used [0x00000000f4700000,0x00000000f4700000,0x00000000f5300000)
 ParOldGen       total 45056K, used 19701K [0x00000000c0000000, 0x00000000c2c00000, 0x00000000eab00000)
  object space 45056K, 43% used [0x00000000c0000000,0x00000000c133d560,0x00000000c2c00000)
 Metaspace       used 42677K, capacity 43404K, committed 43824K, reserved 1087488K
  class space    used 6073K, capacity 6337K, committed 6448K, reserved 1048576K
Event: 7.768 GC heap after
Heap after GC invocations=12 (full 2):
 PSYoungGen      total 158208K, used 10749K [0x00000000eab00000, 0x00000000f6400000, 0x0000000100000000)
  eden space 145920K, 0% used [0x00000000eab00000,0x00000000eab00000,0x00000000f3980000)
  from space 12288K, 87% used [0x00000000f4700000,0x00000000f517f4c0,0x00000000f5300000)
  to   space 13824K, 0% used [0x00000000f3980000,0x00000000f3980000,0x00000000f4700000)
 ParOldGen       total 45056K, used 19781K [0x00000000c0000000, 0x00000000c2c00000, 0x00000000eab00000)
  object space 45056K, 43% used [0x00000000c0000000,0x00000000c1351570,0x00000000c2c00000)
 Metaspace       used 42677K, capacity 43404K, committed 43824K, reserved 1087488K
  class space    used 6073K, capacity 6337K, committed 6448K, reserved 1048576K
}
Event: 29.404 GC heap before
{Heap before GC invocations=13 (full 2):
 PSYoungGen      total 158208K, used 156669K [0x00000000eab00000, 0x00000000f6400000, 0x0000000100000000)
  eden space 145920K, 100% used [0x00000000eab00000,0x00000000f3980000,0x00000000f3980000)
  from space 12288K, 87% used [0x00000000f4700000,0x00000000f517f4c0,0x00000000f5300000)
  to   space 13824K, 0% used [0x00000000f3980000,0x00000000f3980000,0x00000000f4700000)
 ParOldGen       total 45056K, used 19781K [0x00000000c0000000, 0x00000000c2c00000, 0x00000000eab00000)
  object space 45056K, 43% used [0x00000000c0000000,0x00000000c1351570,0x00000000c2c00000)
 Metaspace       used 46778K, capacity 47446K, committed 47920K, reserved 1089536K
  class space    used 6662K, capacity 6890K, committed 6960K, reserved 1048576K

